<?xml version="1.0" encoding="UTF-8"?>
<!-- Generated by org.testng.reporters.JUnitReportReporter -->
<testsuite skipped="0" hostname="LAPTOP-RNOMVBK4" name="DemoGroup" tests="2" failures="0" timestamp="29 Jan 2019 09:04:45 GMT" time="0.031" errors="0">
  <testcase name="b" time="0.023" classname="DemoGroup"/>
  <testcase name="a" time="0.008" classname="DemoGroup"/>
</testsuite> <!-- DemoGroup -->
