<?xml version="1.0" encoding="UTF-8"?>
<!-- Generated by org.testng.reporters.JUnitReportReporter -->
<testsuite skipped="0" hostname="LAPTOP-RNOMVBK4" name="com.abc.magento.MagentoDemo" tests="3" failures="0" timestamp="21 Jan 2019 16:17:34 GMT" time="0.043" errors="0">
  <testcase name="c_method" time="0.000" classname="com.abc.magento.MagentoDemo"/>
  <testcase name="b_method" time="0.000" classname="com.abc.magento.MagentoDemo"/>
  <testcase name="a_method" time="0.043" classname="com.abc.magento.MagentoDemo"/>
</testsuite> <!-- com.abc.magento.MagentoDemo -->
